[19:09:00] [ServerMain/INFO]: [bootstrap] Running Java 25 (OpenJDK 64-Bit Server VM 25.0.1+8-27; Oracle Corporation null) on Mac OS X 26.1 (aarch64)
[19:09:00] [ServerMain/INFO]: [bootstrap] Loading Paper 1.21.11-55-main@b36b49a (2025-12-26T16:47:57Z) for Minecraft 1.21.11
[19:09:01] [ServerMain/INFO]: [PluginInitializerManager] Initializing plugins...
[19:09:01] [Paper Plugin Remapper Thread - 2/INFO]: [PluginRemapper] Remapping plugin 'plugins/sweethome-1.0-SNAPSHOT.jar'...
[19:09:01] [Paper Plugin Remapper Thread - 2/INFO]: [PluginRemapper] Done remapping plugin 'plugins/sweethome-1.0-SNAPSHOT.jar' in 294ms.
[19:09:01] [ServerMain/INFO]: [PluginInitializerManager] Initialized 2 plugins
[19:09:01] [ServerMain/INFO]: [PluginInitializerManager] Bukkit plugins (2):
 - LuckPerms (5.5.22), SweetHome (1.0-SNAPSHOT)
[19:09:03] [ServerMain/INFO]: Environment: Environment[sessionHost=https://sessionserver.mojang.com, servicesHost=https://api.minecraftservices.com, profilesHost=https://api.mojang.com, name=PROD]
[19:09:04] [ServerMain/INFO]: Loaded 1470 recipes
[19:09:04] [ServerMain/INFO]: Loaded 1584 advancements
[19:09:04] [ServerMain/INFO]: [ca.spottedleaf.dataconverter.minecraft.datatypes.MCTypeRegistry] Initialising converters for DataConverter...
[19:09:04] [ServerMain/INFO]: [ca.spottedleaf.dataconverter.minecraft.datatypes.MCTypeRegistry] Finished initialising converters for DataConverter in 210,2ms
[19:09:04] [Server thread/INFO]: Starting minecraft server version 1.21.11
[19:09:04] [Server thread/INFO]: Loading properties
[19:09:04] [Server thread/INFO]: This server is running Paper version 1.21.11-55-main@b36b49a (2025-12-26T16:47:57Z) (Implementing API version 1.21.11-R0.1-SNAPSHOT)
[19:09:04] [Server thread/INFO]: [spark] This server bundles the spark profiler. For more information please visit https://docs.papermc.io/paper/profiling
[19:09:04] [Server thread/INFO]: Server Ping Player Sample Count: 12
[19:09:04] [Server thread/INFO]: Using 4 threads for Netty based IO
[19:09:05] [Server thread/INFO]: [MoonriseCommon] Paper is using 2 worker threads, 1 I/O threads
[19:09:05] [Server thread/INFO]: Default game type: SURVIVAL
[19:09:05] [Server thread/INFO]: Generating keypair
[19:09:05] [Server thread/INFO]: Starting Minecraft server on *:25565
[19:09:06] [Server thread/INFO]: Paper: Using libdeflate (macOS ARM64 / Apple Silicon) compression from Velocity.
[19:09:06] [Server thread/INFO]: Paper: Using native (macOS ARM64 / Apple Silicon) cipher from Velocity.
[19:09:06] [Server thread/INFO]: [SweetHome] Loading server plugin SweetHome v1.0-SNAPSHOT
[19:09:06] [Server thread/INFO]: [LuckPerms] Loading server plugin LuckPerms v5.5.22
[19:09:06] [Server thread/INFO]: [LuckPerms] Loading configuration...
[19:09:06] [Server thread/INFO]: Server permissions file permissions.yml is empty, ignoring it
[19:09:06] [Server thread/INFO]: [LuckPerms] Enabling LuckPerms v5.5.22
[19:09:06] [Server thread/INFO]:         __    
[19:09:06] [Server thread/INFO]:   |    |__)   LuckPerms v5.5.22
[19:09:06] [Server thread/INFO]:   |___ |      Running on Bukkit - Paper
[19:09:06] [Server thread/INFO]: 
[19:09:06] [Server thread/INFO]: [LuckPerms] Loading storage provider... [H2]
[19:09:07] [Server thread/INFO]: [LuckPerms] Loading internal permission managers...
[19:09:07] [Server thread/INFO]: [LuckPerms] Performing initial data load...
[19:09:07] [Server thread/INFO]: [LuckPerms] Successfully enabled. (took 496ms)
[19:09:07] [Server thread/INFO]: Preparing level "world"
[19:09:07] [Server thread/INFO]: Loading 0 persistent chunks for world 'minecraft:overworld'...
[19:09:07] [Server thread/INFO]: Prepared spawn area in 0 ms
[19:09:07] [Server thread/INFO]: Loading 0 persistent chunks for world 'minecraft:the_nether'...
[19:09:07] [Server thread/INFO]: Prepared spawn area in 0 ms
[19:09:07] [Server thread/INFO]: Loading 0 persistent chunks for world 'minecraft:the_end'...
[19:09:07] [Server thread/INFO]: Prepared spawn area in 0 ms
[19:09:07] [Server thread/INFO]: Done preparing level "world" (0.275s)
[19:09:07] [Server thread/INFO]: [SweetHome] Enabling SweetHome v1.0-SNAPSHOT
[19:09:07] [Server thread/INFO]: [SweetHome] Le plugin est activé
[19:09:07] [Server thread/INFO]: [spark] Starting background profiler...
[19:09:09] [Server thread/INFO]: Running delayed init tasks
[19:09:09] [Server thread/INFO]: Done (9.529s)! For help, type "help"
[19:09:46] [User Authenticator #0/INFO]: UUID of player MoniaChipmunk is 17e6fab5-05be-4991-86d9-b635d2219d63
[19:09:46] [Server thread/INFO]: [HorriblePlayerLoginEventHack] You have plugins listening to the PlayerLoginEvent, this will cause re-configuration APIs to be unavailable: [LuckPerms]
[19:09:47] [Server thread/INFO]: MoniaChipmunk joined the game
[19:09:47] [Server thread/INFO]: MoniaChipmunk[/127.0.0.1:52961] logged in with entity id 1 at ([world]4.5, 73.0, 1.5)
[19:09:56] [Server thread/INFO]: MoniaChipmunk issued server command: /sethome
[19:10:03] [Server thread/INFO]: MoniaChipmunk issued server command: /sethome MoniaChipmunk
[19:10:21] [Server thread/INFO]: MoniaChipmunk issued server command: /homes
[19:12:29] [Server thread/INFO]: MoniaChipmunk issued server command: /lp user MoniaChipmunk permission set homes.admin true
[19:12:40] [Async Chat Thread - #2/INFO]: <MoniaChipmunk> lp user MoniaChipmunk permission set homes.admin true
[19:12:49] [Server thread/INFO]: MoniaChipmunk issued server command: /resethome MoniaChipmunk
[19:13:09] [Server thread/INFO]: MoniaChipmunk issued server command: /lp sync
[19:13:13] [Server thread/INFO]: MoniaChipmunk issued server command: /resethome MoniaChipmunk
[19:13:34] [Server thread/INFO]: MoniaChipmunk lost connection: Disconnected
[19:13:34] [Server thread/INFO]: MoniaChipmunk left the game
[19:14:21] [luckperms-command-executor/INFO]: [LP] Set homes.admin to true for moniachipmunk in context global.
[19:14:43] [User Authenticator #1/INFO]: UUID of player MoniaChipmunk is 17e6fab5-05be-4991-86d9-b635d2219d63
[19:14:43] [Server thread/INFO]: MoniaChipmunk joined the game
[19:14:43] [Server thread/INFO]: MoniaChipmunk[/127.0.0.1:52997] logged in with entity id 655 at ([world]4.5, 73.0, 1.5)
[19:14:52] [Server thread/INFO]: MoniaChipmunk issued server command: /homes
[19:15:06] [Server thread/INFO]: MoniaChipmunk issued server command: /resethome MoniaChipmunk
[19:15:15] [Server thread/INFO]: MoniaChipmunk issued server command: /homes
[19:15:22] [Server thread/INFO]: MoniaChipmunk lost connection: Disconnected
[19:15:22] [Server thread/INFO]: MoniaChipmunk left the game
[19:15:24] [User Authenticator #1/INFO]: UUID of player MoniaChipmunk is 17e6fab5-05be-4991-86d9-b635d2219d63
[19:15:24] [Server thread/INFO]: MoniaChipmunk joined the game
[19:15:24] [Server thread/INFO]: MoniaChipmunk[/127.0.0.1:53006] logged in with entity id 936 at ([world]4.5, 73.0, 1.5)
[19:15:26] [Server thread/INFO]: MoniaChipmunk lost connection: Disconnected
[19:15:26] [Server thread/INFO]: MoniaChipmunk left the game
[19:15:36] [Server thread/INFO]: Stopping the server
[19:15:36] [Server thread/INFO]: Stopping server
[19:15:36] [Server thread/INFO]: [LuckPerms] Disabling LuckPerms v5.5.22
[19:15:36] [Server thread/INFO]: [LuckPerms] Starting shutdown process...
[19:15:36] [Server thread/INFO]: [LuckPerms] Closing storage...
[19:15:36] [Server thread/INFO]: [LuckPerms] Goodbye!
[19:15:36] [Server thread/INFO]: [SweetHome] Disabling SweetHome v1.0-SNAPSHOT
[19:15:36] [Server thread/INFO]: [SweetHome] La téléportation a été désactivé
[19:15:36] [Server thread/INFO]: Saving players
[19:15:36] [Server thread/INFO]: Saving worlds
[19:15:36] [Server thread/INFO]: Saving chunks for level 'ServerLevel[world]'/minecraft:overworld
[19:15:36] [Server thread/INFO]: [ChunkHolderManager] Waiting 60s for chunk system to halt for world 'world'
[19:15:36] [Server thread/INFO]: [ChunkHolderManager] Halted chunk system for world 'world'
[19:15:36] [Server thread/INFO]: [ChunkHolderManager] Saving all chunkholders for world 'world'
[19:15:37] [Server thread/INFO]: [ChunkHolderManager] Saved 625 block chunks, 625 entity chunks, 0 poi chunks in world 'world' in 0,64s
[19:15:37] [Server thread/INFO]: [ChunkHolderManager] Waiting 60s for chunk I/O to halt for world 'world'
[19:15:37] [Server thread/INFO]: [ChunkHolderManager] Halted I/O scheduler for world 'world'
[19:15:37] [Server thread/INFO]: Saving chunks for level 'ServerLevel[world_nether]'/minecraft:the_nether
[19:15:37] [Server thread/INFO]: [ChunkHolderManager] Waiting 60s for chunk system to halt for world 'world_nether'
[19:15:37] [Server thread/INFO]: [ChunkHolderManager] Halted chunk system for world 'world_nether'
[19:15:37] [Server thread/INFO]: [ChunkHolderManager] Saving all chunkholders for world 'world_nether'
[19:15:37] [Server thread/INFO]: [ChunkHolderManager] Saved 0 block chunks, 0 entity chunks, 0 poi chunks in world 'world_nether' in 0,00s
[19:15:37] [Server thread/INFO]: [ChunkHolderManager] Waiting 60s for chunk I/O to halt for world 'world_nether'
[19:15:37] [Server thread/INFO]: [ChunkHolderManager] Halted I/O scheduler for world 'world_nether'
[19:15:37] [Server thread/INFO]: Saving chunks for level 'ServerLevel[world_the_end]'/minecraft:the_end
[19:15:37] [Server thread/INFO]: [ChunkHolderManager] Waiting 60s for chunk system to halt for world 'world_the_end'
[19:15:37] [Server thread/INFO]: [ChunkHolderManager] Halted chunk system for world 'world_the_end'
[19:15:37] [Server thread/INFO]: [ChunkHolderManager] Saving all chunkholders for world 'world_the_end'
[19:15:37] [Server thread/INFO]: [ChunkHolderManager] Saved 0 block chunks, 0 entity chunks, 0 poi chunks in world 'world_the_end' in 0,00s
[19:15:37] [Server thread/INFO]: [ChunkHolderManager] Waiting 60s for chunk I/O to halt for world 'world_the_end'
[19:15:37] [Server thread/INFO]: [ChunkHolderManager] Halted I/O scheduler for world 'world_the_end'
[19:15:37] [Server thread/INFO]: ThreadedAnvilChunkStorage (world): All chunks are saved
[19:15:37] [Server thread/INFO]: ThreadedAnvilChunkStorage (DIM-1): All chunks are saved
[19:15:37] [Server thread/INFO]: ThreadedAnvilChunkStorage (DIM1): All chunks are saved
[19:15:37] [Server thread/INFO]: ThreadedAnvilChunkStorage: All dimensions are saved
[19:15:37] [Server thread/INFO]: Waiting for all RegionFile I/O tasks to complete...
[19:15:37] [Server thread/INFO]: All RegionFile I/O tasks to complete
[19:15:37] [Server thread/INFO]: [MoonriseCommon] Awaiting termination of worker pool for up to 60s...
[19:15:37] [Server thread/INFO]: [MoonriseCommon] Awaiting termination of I/O pool for up to 60s...
